{"C:\\assignment\\task-manager-backend\\server.js": {"path":"C:\\assignment\\task-manager-backend\\server.js","statementMap":{"0":{"start":{"line":1,"column":16},"end":{"line":1,"column":34}},"1":{"start":{"line":2,"column":17},"end":{"line":2,"column":36}},"2":{"start":{"line":3,"column":13},"end":{"line":3,"column":28}},"3":{"start":{"line":4,"column":15},"end":{"line":4,"column":32}},"4":{"start":{"line":5,"column":19},"end":{"line":5,"column":43}},"5":{"start":{"line":6,"column":19},"end":{"line":6,"column":43}},"6":{"start":{"line":7,"column":19},"end":{"line":7,"column":49}},"7":{"start":{"line":9,"column":0},"end":{"line":9,"column":16}},"8":{"start":{"line":11,"column":12},"end":{"line":11,"column":21}},"9":{"start":{"line":14,"column":0},"end":{"line":14,"column":16}},"10":{"start":{"line":15,"column":0},"end":{"line":15,"column":24}},"11":{"start":{"line":16,"column":0},"end":{"line":16,"column":47}},"12":{"start":{"line":17,"column":0},"end":{"line":17,"column":33}},"13":{"start":{"line":18,"column":0},"end":{"line":18,"column":34}},"14":{"start":{"line":19,"column":0},"end":{"line":19,"column":34}},"15":{"start":{"line":22,"column":0},"end":{"line":24,"column":3}},"16":{"start":{"line":23,"column":4},"end":{"line":23,"column":31}},"17":{"start":{"line":27,"column":0},"end":{"line":38,"column":1}},"18":{"start":{"line":28,"column":17},"end":{"line":28,"column":41}},"19":{"start":{"line":29,"column":4},"end":{"line":37,"column":36}},"20":{"start":{"line":34,"column":8},"end":{"line":34,"column":41}},"21":{"start":{"line":35,"column":8},"end":{"line":35,"column":78}},"22":{"start":{"line":35,"column":31},"end":{"line":35,"column":76}},"23":{"start":{"line":37,"column":18},"end":{"line":37,"column":34}},"24":{"start":{"line":40,"column":0},"end":{"line":40,"column":21}}},"fnMap":{"0":{"name":"(anonymous_0)","decl":{"start":{"line":22,"column":13},"end":{"line":22,"column":14}},"loc":{"start":{"line":22,"column":27},"end":{"line":24,"column":1}},"line":22},"1":{"name":"(anonymous_1)","decl":{"start":{"line":33,"column":10},"end":{"line":33,"column":11}},"loc":{"start":{"line":33,"column":16},"end":{"line":36,"column":5}},"line":33},"2":{"name":"(anonymous_2)","decl":{"start":{"line":35,"column":25},"end":{"line":35,"column":26}},"loc":{"start":{"line":35,"column":31},"end":{"line":35,"column":76}},"line":35},"3":{"name":"(anonymous_3)","decl":{"start":{"line":37,"column":11},"end":{"line":37,"column":12}},"loc":{"start":{"line":37,"column":18},"end":{"line":37,"column":34}},"line":37}},"branchMap":{"0":{"loc":{"start":{"line":27,"column":0},"end":{"line":38,"column":1}},"type":"if","locations":[{"start":{"line":27,"column":0},"end":{"line":38,"column":1}},{"start":{},"end":{}}],"line":27},"1":{"loc":{"start":{"line":28,"column":17},"end":{"line":28,"column":41}},"type":"binary-expr","locations":[{"start":{"line":28,"column":17},"end":{"line":28,"column":33}},{"start":{"line":28,"column":37},"end":{"line":28,"column":41}}],"line":28}},"s":{"0":3,"1":3,"2":3,"3":3,"4":3,"5":3,"6":3,"7":3,"8":3,"9":3,"10":3,"11":3,"12":3,"13":3,"14":3,"15":3,"16":0,"17":3,"18":0,"19":0,"20":0,"21":0,"22":0,"23":0,"24":3},"f":{"0":0,"1":0,"2":0,"3":0},"b":{"0":[0,3],"1":[0,0]},"_coverageSchema":"1a1c01bbd47fc00a2c39e90264f33305004495a9","hash":"809aa5f7972857b71d3bad963fc879762544f0e9"}
,"C:\\assignment\\task-manager-backend\\controllers\\authController.js": {"path":"C:\\assignment\\task-manager-backend\\controllers\\authController.js","statementMap":{"0":{"start":{"line":1,"column":13},"end":{"line":1,"column":38}},"1":{"start":{"line":2,"column":15},"end":{"line":2,"column":34}},"2":{"start":{"line":3,"column":12},"end":{"line":3,"column":35}},"3":{"start":{"line":5,"column":0},"end":{"line":24,"column":2}},"4":{"start":{"line":6,"column":2},"end":{"line":23,"column":3}},"5":{"start":{"line":7,"column":38},"end":{"line":7,"column":46}},"6":{"start":{"line":9,"column":25},"end":{"line":9,"column":54}},"7":{"start":{"line":10,"column":4},"end":{"line":10,"column":82}},"8":{"start":{"line":10,"column":22},"end":{"line":10,"column":82}},"9":{"start":{"line":12,"column":27},"end":{"line":12,"column":58}},"10":{"start":{"line":14,"column":20},"end":{"line":18,"column":6}},"11":{"start":{"line":20,"column":4},"end":{"line":20,"column":66}},"12":{"start":{"line":22,"column":4},"end":{"line":22,"column":70}},"13":{"start":{"line":26,"column":0},"end":{"line":46,"column":2}},"14":{"start":{"line":27,"column":2},"end":{"line":45,"column":3}},"15":{"start":{"line":28,"column":32},"end":{"line":28,"column":40}},"16":{"start":{"line":30,"column":17},"end":{"line":30,"column":46}},"17":{"start":{"line":31,"column":4},"end":{"line":31,"column":75}},"18":{"start":{"line":31,"column":15},"end":{"line":31,"column":75}},"19":{"start":{"line":33,"column":20},"end":{"line":33,"column":65}},"20":{"start":{"line":34,"column":4},"end":{"line":34,"column":78}},"21":{"start":{"line":34,"column":18},"end":{"line":34,"column":78}},"22":{"start":{"line":36,"column":18},"end":{"line":40,"column":5}},"23":{"start":{"line":42,"column":4},"end":{"line":42,"column":84}},"24":{"start":{"line":44,"column":4},"end":{"line":44,"column":70}}},"fnMap":{"0":{"name":"(anonymous_0)","decl":{"start":{"line":5,"column":19},"end":{"line":5,"column":20}},"loc":{"start":{"line":5,"column":39},"end":{"line":24,"column":1}},"line":5},"1":{"name":"(anonymous_1)","decl":{"start":{"line":26,"column":16},"end":{"line":26,"column":17}},"loc":{"start":{"line":26,"column":36},"end":{"line":46,"column":1}},"line":26}},"branchMap":{"0":{"loc":{"start":{"line":10,"column":4},"end":{"line":10,"column":82}},"type":"if","locations":[{"start":{"line":10,"column":4},"end":{"line":10,"column":82}},{"start":{},"end":{}}],"line":10},"1":{"loc":{"start":{"line":31,"column":4},"end":{"line":31,"column":75}},"type":"if","locations":[{"start":{"line":31,"column":4},"end":{"line":31,"column":75}},{"start":{},"end":{}}],"line":31},"2":{"loc":{"start":{"line":34,"column":4},"end":{"line":34,"column":78}},"type":"if","locations":[{"start":{"line":34,"column":4},"end":{"line":34,"column":78}},{"start":{},"end":{}}],"line":34}},"s":{"0":3,"1":3,"2":3,"3":3,"4":7,"5":7,"6":7,"7":7,"8":1,"9":6,"10":6,"11":6,"12":0,"13":3,"14":5,"15":5,"16":5,"17":5,"18":1,"19":4,"20":4,"21":1,"22":3,"23":3,"24":0},"f":{"0":7,"1":5},"b":{"0":[1,6],"1":[1,4],"2":[1,3]},"_coverageSchema":"1a1c01bbd47fc00a2c39e90264f33305004495a9","hash":"15cf1b05971333431311a17c558cd6895b08133c"}
,"C:\\assignment\\task-manager-backend\\controllers\\taskController.js": {"path":"C:\\assignment\\task-manager-backend\\controllers\\taskController.js","statementMap":{"0":{"start":{"line":1,"column":13},"end":{"line":1,"column":38}},"1":{"start":{"line":2,"column":13},"end":{"line":2,"column":28}},"2":{"start":{"line":5,"column":0},"end":{"line":28,"column":2}},"3":{"start":{"line":6,"column":2},"end":{"line":27,"column":3}},"4":{"start":{"line":7,"column":74},"end":{"line":7,"column":82}},"5":{"start":{"line":9,"column":18},"end":{"line":9,"column":40}},"6":{"start":{"line":10,"column":22},"end":{"line":10,"column":57}},"7":{"start":{"line":10,"column":41},"end":{"line":10,"column":50}},"8":{"start":{"line":12,"column":17},"end":{"line":21,"column":6}},"9":{"start":{"line":23,"column":4},"end":{"line":23,"column":31}},"10":{"start":{"line":26,"column":4},"end":{"line":26,"column":70}},"11":{"start":{"line":31,"column":0},"end":{"line":78,"column":2}},"12":{"start":{"line":32,"column":2},"end":{"line":77,"column":3}},"13":{"start":{"line":33,"column":4},"end":{"line":33,"column":76}},"14":{"start":{"line":41,"column":8},"end":{"line":41,"column":17}},"15":{"start":{"line":43,"column":18},"end":{"line":50,"column":5}},"16":{"start":{"line":53,"column":4},"end":{"line":53,"column":38}},"17":{"start":{"line":53,"column":16},"end":{"line":53,"column":38}},"18":{"start":{"line":54,"column":4},"end":{"line":54,"column":44}},"19":{"start":{"line":54,"column":18},"end":{"line":54,"column":44}},"20":{"start":{"line":55,"column":4},"end":{"line":55,"column":61}},"21":{"start":{"line":55,"column":17},"end":{"line":55,"column":61}},"22":{"start":{"line":57,"column":17},"end":{"line":57,"column":55}},"23":{"start":{"line":59,"column":18},"end":{"line":64,"column":29}},"24":{"start":{"line":66,"column":18},"end":{"line":66,"column":50}},"25":{"start":{"line":68,"column":4},"end":{"line":73,"column":7}},"26":{"start":{"line":76,"column":4},"end":{"line":76,"column":70}},"27":{"start":{"line":80,"column":0},"end":{"line":102,"column":2}},"28":{"start":{"line":81,"column":2},"end":{"line":101,"column":3}},"29":{"start":{"line":82,"column":17},"end":{"line":84,"column":37}},"30":{"start":{"line":86,"column":4},"end":{"line":86,"column":70}},"31":{"start":{"line":86,"column":15},"end":{"line":86,"column":70}},"32":{"start":{"line":88,"column":22},"end":{"line":88,"column":83}},"33":{"start":{"line":89,"column":23},"end":{"line":89,"column":86}},"34":{"start":{"line":91,"column":22},"end":{"line":91,"column":47}},"35":{"start":{"line":92,"column":23},"end":{"line":92,"column":49}},"36":{"start":{"line":94,"column":4},"end":{"line":96,"column":5}},"37":{"start":{"line":95,"column":6},"end":{"line":95,"column":59}},"38":{"start":{"line":98,"column":4},"end":{"line":98,"column":19}},"39":{"start":{"line":100,"column":4},"end":{"line":100,"column":70}},"40":{"start":{"line":106,"column":0},"end":{"line":142,"column":2}},"41":{"start":{"line":107,"column":2},"end":{"line":141,"column":3}},"42":{"start":{"line":108,"column":17},"end":{"line":108,"column":51}},"43":{"start":{"line":109,"column":4},"end":{"line":109,"column":70}},"44":{"start":{"line":109,"column":15},"end":{"line":109,"column":70}},"45":{"start":{"line":111,"column":4},"end":{"line":112,"column":59}},"46":{"start":{"line":112,"column":6},"end":{"line":112,"column":59}},"47":{"start":{"line":114,"column":18},"end":{"line":114,"column":40}},"48":{"start":{"line":115,"column":22},"end":{"line":115,"column":57}},"49":{"start":{"line":115,"column":41},"end":{"line":115,"column":50}},"50":{"start":{"line":124,"column":8},"end":{"line":124,"column":16}},"51":{"start":{"line":126,"column":26},"end":{"line":134,"column":5}},"52":{"start":{"line":136,"column":24},"end":{"line":136,"column":97}},"53":{"start":{"line":138,"column":4},"end":{"line":138,"column":26}},"54":{"start":{"line":140,"column":4},"end":{"line":140,"column":70}},"55":{"start":{"line":145,"column":0},"end":{"line":164,"column":2}},"56":{"start":{"line":146,"column":2},"end":{"line":163,"column":3}},"57":{"start":{"line":147,"column":17},"end":{"line":147,"column":80}},"58":{"start":{"line":149,"column":4},"end":{"line":149,"column":70}},"59":{"start":{"line":149,"column":15},"end":{"line":149,"column":70}},"60":{"start":{"line":151,"column":22},"end":{"line":151,"column":83}},"61":{"start":{"line":153,"column":4},"end":{"line":155,"column":5}},"62":{"start":{"line":154,"column":6},"end":{"line":154,"column":79}},"63":{"start":{"line":157,"column":4},"end":{"line":157,"column":27}},"64":{"start":{"line":158,"column":4},"end":{"line":158,"column":51}},"65":{"start":{"line":161,"column":4},"end":{"line":161,"column":47}},"66":{"start":{"line":162,"column":4},"end":{"line":162,"column":70}}},"fnMap":{"0":{"name":"(anonymous_0)","decl":{"start":{"line":5,"column":21},"end":{"line":5,"column":22}},"loc":{"start":{"line":5,"column":41},"end":{"line":28,"column":1}},"line":5},"1":{"name":"(anonymous_1)","decl":{"start":{"line":10,"column":33},"end":{"line":10,"column":34}},"loc":{"start":{"line":10,"column":41},"end":{"line":10,"column":50}},"line":10},"2":{"name":"(anonymous_2)","decl":{"start":{"line":31,"column":22},"end":{"line":31,"column":23}},"loc":{"start":{"line":31,"column":42},"end":{"line":78,"column":1}},"line":31},"3":{"name":"(anonymous_3)","decl":{"start":{"line":80,"column":22},"end":{"line":80,"column":23}},"loc":{"start":{"line":80,"column":42},"end":{"line":102,"column":1}},"line":80},"4":{"name":"(anonymous_4)","decl":{"start":{"line":106,"column":21},"end":{"line":106,"column":22}},"loc":{"start":{"line":106,"column":41},"end":{"line":142,"column":1}},"line":106},"5":{"name":"(anonymous_5)","decl":{"start":{"line":115,"column":33},"end":{"line":115,"column":34}},"loc":{"start":{"line":115,"column":41},"end":{"line":115,"column":50}},"line":115},"6":{"name":"(anonymous_6)","decl":{"start":{"line":145,"column":21},"end":{"line":145,"column":22}},"loc":{"start":{"line":145,"column":41},"end":{"line":164,"column":1}},"line":145}},"branchMap":{"0":{"loc":{"start":{"line":10,"column":22},"end":{"line":10,"column":57}},"type":"binary-expr","locations":[{"start":{"line":10,"column":22},"end":{"line":10,"column":51}},{"start":{"line":10,"column":55},"end":{"line":10,"column":57}}],"line":10},"1":{"loc":{"start":{"line":38,"column":6},"end":{"line":38,"column":22}},"type":"default-arg","locations":[{"start":{"line":38,"column":13},"end":{"line":38,"column":22}}],"line":38},"2":{"loc":{"start":{"line":39,"column":6},"end":{"line":39,"column":14}},"type":"default-arg","locations":[{"start":{"line":39,"column":13},"end":{"line":39,"column":14}}],"line":39},"3":{"loc":{"start":{"line":40,"column":6},"end":{"line":40,"column":16}},"type":"default-arg","locations":[{"start":{"line":40,"column":14},"end":{"line":40,"column":16}}],"line":40},"4":{"loc":{"start":{"line":43,"column":18},"end":{"line":50,"column":5}},"type":"cond-expr","locations":[{"start":{"line":44,"column":4},"end":{"line":44,"column":6}},{"start":{"line":45,"column":4},"end":{"line":50,"column":5}}],"line":43},"5":{"loc":{"start":{"line":53,"column":4},"end":{"line":53,"column":38}},"type":"if","locations":[{"start":{"line":53,"column":4},"end":{"line":53,"column":38}},{"start":{},"end":{}}],"line":53},"6":{"loc":{"start":{"line":54,"column":4},"end":{"line":54,"column":44}},"type":"if","locations":[{"start":{"line":54,"column":4},"end":{"line":54,"column":44}},{"start":{},"end":{}}],"line":54},"7":{"loc":{"start":{"line":55,"column":4},"end":{"line":55,"column":61}},"type":"if","locations":[{"start":{"line":55,"column":4},"end":{"line":55,"column":61}},{"start":{},"end":{}}],"line":55},"8":{"loc":{"start":{"line":86,"column":4},"end":{"line":86,"column":70}},"type":"if","locations":[{"start":{"line":86,"column":4},"end":{"line":86,"column":70}},{"start":{},"end":{}}],"line":86},"9":{"loc":{"start":{"line":88,"column":22},"end":{"line":88,"column":83}},"type":"binary-expr","locations":[{"start":{"line":88,"column":22},"end":{"line":88,"column":53}},{"start":{"line":88,"column":57},"end":{"line":88,"column":83}}],"line":88},"10":{"loc":{"start":{"line":89,"column":23},"end":{"line":89,"column":86}},"type":"binary-expr","locations":[{"start":{"line":89,"column":23},"end":{"line":89,"column":55}},{"start":{"line":89,"column":59},"end":{"line":89,"column":86}}],"line":89},"11":{"loc":{"start":{"line":94,"column":4},"end":{"line":96,"column":5}},"type":"if","locations":[{"start":{"line":94,"column":4},"end":{"line":96,"column":5}},{"start":{},"end":{}}],"line":94},"12":{"loc":{"start":{"line":94,"column":8},"end":{"line":94,"column":62}},"type":"binary-expr","locations":[{"start":{"line":94,"column":8},"end":{"line":94,"column":33}},{"start":{"line":94,"column":37},"end":{"line":94,"column":47}},{"start":{"line":94,"column":51},"end":{"line":94,"column":62}}],"line":94},"13":{"loc":{"start":{"line":109,"column":4},"end":{"line":109,"column":70}},"type":"if","locations":[{"start":{"line":109,"column":4},"end":{"line":109,"column":70}},{"start":{},"end":{}}],"line":109},"14":{"loc":{"start":{"line":111,"column":4},"end":{"line":112,"column":59}},"type":"if","locations":[{"start":{"line":111,"column":4},"end":{"line":112,"column":59}},{"start":{},"end":{}}],"line":111},"15":{"loc":{"start":{"line":111,"column":8},"end":{"line":111,"column":78}},"type":"binary-expr","locations":[{"start":{"line":111,"column":8},"end":{"line":111,"column":33}},{"start":{"line":111,"column":37},"end":{"line":111,"column":78}}],"line":111},"16":{"loc":{"start":{"line":115,"column":22},"end":{"line":115,"column":57}},"type":"binary-expr","locations":[{"start":{"line":115,"column":22},"end":{"line":115,"column":51}},{"start":{"line":115,"column":55},"end":{"line":115,"column":57}}],"line":115},"17":{"loc":{"start":{"line":133,"column":10},"end":{"line":133,"column":54}},"type":"binary-expr","locations":[{"start":{"line":133,"column":10},"end":{"line":133,"column":26}},{"start":{"line":133,"column":30},"end":{"line":133,"column":54}}],"line":133},"18":{"loc":{"start":{"line":149,"column":4},"end":{"line":149,"column":70}},"type":"if","locations":[{"start":{"line":149,"column":4},"end":{"line":149,"column":70}},{"start":{},"end":{}}],"line":149},"19":{"loc":{"start":{"line":151,"column":22},"end":{"line":151,"column":83}},"type":"binary-expr","locations":[{"start":{"line":151,"column":22},"end":{"line":151,"column":53}},{"start":{"line":151,"column":57},"end":{"line":151,"column":83}}],"line":151},"20":{"loc":{"start":{"line":153,"column":4},"end":{"line":155,"column":5}},"type":"if","locations":[{"start":{"line":153,"column":4},"end":{"line":155,"column":5}},{"start":{},"end":{}}],"line":153},"21":{"loc":{"start":{"line":153,"column":8},"end":{"line":153,"column":62}},"type":"binary-expr","locations":[{"start":{"line":153,"column":8},"end":{"line":153,"column":33}},{"start":{"line":153,"column":37},"end":{"line":153,"column":62}}],"line":153}},"s":{"0":3,"1":3,"2":3,"3":1,"4":1,"5":1,"6":1,"7":0,"8":1,"9":1,"10":0,"11":3,"12":1,"13":1,"14":1,"15":1,"16":1,"17":0,"18":1,"19":0,"20":1,"21":0,"22":1,"23":1,"24":1,"25":1,"26":0,"27":3,"28":2,"29":2,"30":2,"31":1,"32":1,"33":1,"34":1,"35":1,"36":1,"37":0,"38":1,"39":0,"40":3,"41":1,"42":1,"43":1,"44":0,"45":1,"46":0,"47":1,"48":1,"49":0,"50":1,"51":1,"52":1,"53":1,"54":0,"55":3,"56":1,"57":1,"58":1,"59":0,"60":1,"61":1,"62":0,"63":1,"64":1,"65":0,"66":0},"f":{"0":1,"1":0,"2":1,"3":2,"4":1,"5":0,"6":1},"b":{"0":[1,1],"1":[1],"2":[1],"3":[1],"4":[1,0],"5":[0,1],"6":[0,1],"7":[0,1],"8":[1,1],"9":[1,0],"10":[1,1],"11":[0,1],"12":[1,0,0],"13":[0,1],"14":[0,1],"15":[1,0],"16":[1,1],"17":[1,0],"18":[0,1],"19":[1,0],"20":[0,1],"21":[1,0]},"_coverageSchema":"1a1c01bbd47fc00a2c39e90264f33305004495a9","hash":"cc1ea75d171a9e9f968abec3d1b4b2d05e48d7eb"}
,"C:\\assignment\\task-manager-backend\\controllers\\userController.js": {"path":"C:\\assignment\\task-manager-backend\\controllers\\userController.js","statementMap":{"0":{"start":{"line":1,"column":13},"end":{"line":1,"column":38}},"1":{"start":{"line":2,"column":15},"end":{"line":2,"column":34}},"2":{"start":{"line":5,"column":0},"end":{"line":27,"column":2}},"3":{"start":{"line":6,"column":2},"end":{"line":26,"column":3}},"4":{"start":{"line":7,"column":44},"end":{"line":7,"column":52}},"5":{"start":{"line":9,"column":4},"end":{"line":11,"column":5}},"6":{"start":{"line":10,"column":6},"end":{"line":10,"column":74}},"7":{"start":{"line":13,"column":21},"end":{"line":13,"column":50}},"8":{"start":{"line":14,"column":4},"end":{"line":16,"column":5}},"9":{"start":{"line":15,"column":6},"end":{"line":15,"column":71}},"10":{"start":{"line":18,"column":27},"end":{"line":18,"column":58}},"11":{"start":{"line":19,"column":17},"end":{"line":19,"column":74}},"12":{"start":{"line":21,"column":4},"end":{"line":21,"column":22}},"13":{"start":{"line":22,"column":4},"end":{"line":22,"column":67}},"14":{"start":{"line":24,"column":4},"end":{"line":24,"column":49}},"15":{"start":{"line":25,"column":4},"end":{"line":25,"column":54}},"16":{"start":{"line":30,"column":0},"end":{"line":37,"column":2}},"17":{"start":{"line":31,"column":2},"end":{"line":36,"column":3}},"18":{"start":{"line":32,"column":18},"end":{"line":32,"column":55}},"19":{"start":{"line":33,"column":4},"end":{"line":33,"column":20}},"20":{"start":{"line":35,"column":4},"end":{"line":35,"column":63}},"21":{"start":{"line":40,"column":0},"end":{"line":48,"column":2}},"22":{"start":{"line":41,"column":2},"end":{"line":47,"column":3}},"23":{"start":{"line":42,"column":17},"end":{"line":42,"column":71}},"24":{"start":{"line":43,"column":4},"end":{"line":43,"column":74}},"25":{"start":{"line":43,"column":15},"end":{"line":43,"column":74}},"26":{"start":{"line":44,"column":4},"end":{"line":44,"column":19}},"27":{"start":{"line":46,"column":4},"end":{"line":46,"column":62}},"28":{"start":{"line":51,"column":0},"end":{"line":66,"column":2}},"29":{"start":{"line":52,"column":2},"end":{"line":65,"column":3}},"30":{"start":{"line":53,"column":34},"end":{"line":53,"column":42}},"31":{"start":{"line":55,"column":24},"end":{"line":59,"column":25}},"32":{"start":{"line":61,"column":4},"end":{"line":61,"column":81}},"33":{"start":{"line":61,"column":22},"end":{"line":61,"column":81}},"34":{"start":{"line":62,"column":4},"end":{"line":62,"column":26}},"35":{"start":{"line":64,"column":4},"end":{"line":64,"column":63}},"36":{"start":{"line":69,"column":0},"end":{"line":77,"column":2}},"37":{"start":{"line":70,"column":2},"end":{"line":76,"column":3}},"38":{"start":{"line":71,"column":17},"end":{"line":71,"column":60}},"39":{"start":{"line":72,"column":4},"end":{"line":72,"column":74}},"40":{"start":{"line":72,"column":15},"end":{"line":72,"column":74}},"41":{"start":{"line":73,"column":4},"end":{"line":73,"column":55}},"42":{"start":{"line":75,"column":4},"end":{"line":75,"column":63}}},"fnMap":{"0":{"name":"(anonymous_0)","decl":{"start":{"line":5,"column":21},"end":{"line":5,"column":22}},"loc":{"start":{"line":5,"column":41},"end":{"line":27,"column":1}},"line":5},"1":{"name":"(anonymous_1)","decl":{"start":{"line":30,"column":22},"end":{"line":30,"column":23}},"loc":{"start":{"line":30,"column":42},"end":{"line":37,"column":1}},"line":30},"2":{"name":"(anonymous_2)","decl":{"start":{"line":40,"column":22},"end":{"line":40,"column":23}},"loc":{"start":{"line":40,"column":42},"end":{"line":48,"column":1}},"line":40},"3":{"name":"(anonymous_3)","decl":{"start":{"line":51,"column":21},"end":{"line":51,"column":22}},"loc":{"start":{"line":51,"column":41},"end":{"line":66,"column":1}},"line":51},"4":{"name":"(anonymous_4)","decl":{"start":{"line":69,"column":21},"end":{"line":69,"column":22}},"loc":{"start":{"line":69,"column":41},"end":{"line":77,"column":1}},"line":69}},"branchMap":{"0":{"loc":{"start":{"line":9,"column":4},"end":{"line":11,"column":5}},"type":"if","locations":[{"start":{"line":9,"column":4},"end":{"line":11,"column":5}},{"start":{},"end":{}}],"line":9},"1":{"loc":{"start":{"line":9,"column":8},"end":{"line":9,"column":45}},"type":"binary-expr","locations":[{"start":{"line":9,"column":8},"end":{"line":9,"column":13}},{"start":{"line":9,"column":17},"end":{"line":9,"column":23}},{"start":{"line":9,"column":27},"end":{"line":9,"column":36}},{"start":{"line":9,"column":40},"end":{"line":9,"column":45}}],"line":9},"2":{"loc":{"start":{"line":14,"column":4},"end":{"line":16,"column":5}},"type":"if","locations":[{"start":{"line":14,"column":4},"end":{"line":16,"column":5}},{"start":{},"end":{}}],"line":14},"3":{"loc":{"start":{"line":43,"column":4},"end":{"line":43,"column":74}},"type":"if","locations":[{"start":{"line":43,"column":4},"end":{"line":43,"column":74}},{"start":{},"end":{}}],"line":43},"4":{"loc":{"start":{"line":61,"column":4},"end":{"line":61,"column":81}},"type":"if","locations":[{"start":{"line":61,"column":4},"end":{"line":61,"column":81}},{"start":{},"end":{}}],"line":61},"5":{"loc":{"start":{"line":72,"column":4},"end":{"line":72,"column":74}},"type":"if","locations":[{"start":{"line":72,"column":4},"end":{"line":72,"column":74}},{"start":{},"end":{}}],"line":72}},"s":{"0":3,"1":3,"2":3,"3":1,"4":1,"5":1,"6":0,"7":1,"8":1,"9":0,"10":1,"11":1,"12":1,"13":1,"14":0,"15":0,"16":3,"17":1,"18":1,"19":1,"20":0,"21":3,"22":0,"23":0,"24":0,"25":0,"26":0,"27":0,"28":3,"29":2,"30":2,"31":2,"32":1,"33":0,"34":1,"35":1,"36":3,"37":2,"38":2,"39":2,"40":1,"41":1,"42":0},"f":{"0":1,"1":1,"2":0,"3":2,"4":2},"b":{"0":[0,1],"1":[1,1,1,1],"2":[0,1],"3":[0,0],"4":[0,1],"5":[1,1]},"_coverageSchema":"1a1c01bbd47fc00a2c39e90264f33305004495a9","hash":"e88a44578cc8c14349f2547e5d318af41c1173c7"}
,"C:\\assignment\\task-manager-backend\\middlewares\\auth.js": {"path":"C:\\assignment\\task-manager-backend\\middlewares\\auth.js","statementMap":{"0":{"start":{"line":1,"column":12},"end":{"line":1,"column":35}},"1":{"start":{"line":2,"column":13},"end":{"line":2,"column":38}},"2":{"start":{"line":4,"column":0},"end":{"line":26,"column":2}},"3":{"start":{"line":5,"column":16},"end":{"line":5,"column":58}},"4":{"start":{"line":7,"column":2},"end":{"line":7,"column":85}},"5":{"start":{"line":7,"column":14},"end":{"line":7,"column":85}},"6":{"start":{"line":9,"column":2},"end":{"line":25,"column":3}},"7":{"start":{"line":10,"column":20},"end":{"line":10,"column":61}},"8":{"start":{"line":11,"column":17},"end":{"line":11,"column":48}},"9":{"start":{"line":13,"column":4},"end":{"line":13,"column":70}},"10":{"start":{"line":13,"column":15},"end":{"line":13,"column":70}},"11":{"start":{"line":16,"column":4},"end":{"line":20,"column":6}},"12":{"start":{"line":22,"column":4},"end":{"line":22,"column":11}},"13":{"start":{"line":24,"column":4},"end":{"line":24,"column":51}},"14":{"start":{"line":28,"column":0},"end":{"line":33,"column":2}},"15":{"start":{"line":29,"column":2},"end":{"line":31,"column":3}},"16":{"start":{"line":30,"column":4},"end":{"line":30,"column":66}},"17":{"start":{"line":32,"column":2},"end":{"line":32,"column":9}}},"fnMap":{"0":{"name":"(anonymous_0)","decl":{"start":{"line":4,"column":25},"end":{"line":4,"column":26}},"loc":{"start":{"line":4,"column":51},"end":{"line":26,"column":1}},"line":4},"1":{"name":"(anonymous_1)","decl":{"start":{"line":28,"column":20},"end":{"line":28,"column":21}},"loc":{"start":{"line":28,"column":40},"end":{"line":33,"column":1}},"line":28}},"branchMap":{"0":{"loc":{"start":{"line":7,"column":2},"end":{"line":7,"column":85}},"type":"if","locations":[{"start":{"line":7,"column":2},"end":{"line":7,"column":85}},{"start":{},"end":{}}],"line":7},"1":{"loc":{"start":{"line":13,"column":4},"end":{"line":13,"column":70}},"type":"if","locations":[{"start":{"line":13,"column":4},"end":{"line":13,"column":70}},{"start":{},"end":{}}],"line":13},"2":{"loc":{"start":{"line":29,"column":2},"end":{"line":31,"column":3}},"type":"if","locations":[{"start":{"line":29,"column":2},"end":{"line":31,"column":3}},{"start":{},"end":{}}],"line":29}},"s":{"0":3,"1":3,"2":3,"3":12,"4":12,"5":0,"6":12,"7":12,"8":12,"9":12,"10":0,"11":12,"12":12,"13":0,"14":3,"15":6,"16":0,"17":6},"f":{"0":12,"1":6},"b":{"0":[0,12],"1":[0,12],"2":[0,6]},"_coverageSchema":"1a1c01bbd47fc00a2c39e90264f33305004495a9","hash":"2d73934c7262904c989fcdb0e26be3bf3e50e3f4"}
,"C:\\assignment\\task-manager-backend\\middlewares\\upload.js": {"path":"C:\\assignment\\task-manager-backend\\middlewares\\upload.js","statementMap":{"0":{"start":{"line":1,"column":15},"end":{"line":1,"column":32}},"1":{"start":{"line":2,"column":13},"end":{"line":2,"column":28}},"2":{"start":{"line":4,"column":16},"end":{"line":11,"column":2}},"3":{"start":{"line":6,"column":4},"end":{"line":6,"column":25}},"4":{"start":{"line":9,"column":4},"end":{"line":9,"column":51}},"5":{"start":{"line":13,"column":19},"end":{"line":20,"column":1}},"6":{"start":{"line":14,"column":14},"end":{"line":14,"column":59}},"7":{"start":{"line":15,"column":2},"end":{"line":19,"column":3}},"8":{"start":{"line":16,"column":4},"end":{"line":16,"column":19}},"9":{"start":{"line":18,"column":4},"end":{"line":18,"column":48}},"10":{"start":{"line":22,"column":15},"end":{"line":26,"column":2}},"11":{"start":{"line":28,"column":0},"end":{"line":28,"column":24}}},"fnMap":{"0":{"name":"(anonymous_0)","decl":{"start":{"line":5,"column":15},"end":{"line":5,"column":16}},"loc":{"start":{"line":5,"column":40},"end":{"line":7,"column":3}},"line":5},"1":{"name":"(anonymous_1)","decl":{"start":{"line":8,"column":12},"end":{"line":8,"column":13}},"loc":{"start":{"line":8,"column":37},"end":{"line":10,"column":3}},"line":8},"2":{"name":"(anonymous_2)","decl":{"start":{"line":13,"column":19},"end":{"line":13,"column":20}},"loc":{"start":{"line":13,"column":38},"end":{"line":20,"column":1}},"line":13}},"branchMap":{"0":{"loc":{"start":{"line":15,"column":2},"end":{"line":19,"column":3}},"type":"if","locations":[{"start":{"line":15,"column":2},"end":{"line":19,"column":3}},{"start":{"line":17,"column":9},"end":{"line":19,"column":3}}],"line":15}},"s":{"0":3,"1":3,"2":3,"3":0,"4":0,"5":3,"6":0,"7":0,"8":0,"9":0,"10":3,"11":3},"f":{"0":0,"1":0,"2":0},"b":{"0":[0,0]},"_coverageSchema":"1a1c01bbd47fc00a2c39e90264f33305004495a9","hash":"9cc8cbc2b5eefc66d35e891e82ee38d6b6025377"}
,"C:\\assignment\\task-manager-backend\\models\\Task.js": {"path":"C:\\assignment\\task-manager-backend\\models\\Task.js","statementMap":{"0":{"start":{"line":1,"column":17},"end":{"line":1,"column":36}},"1":{"start":{"line":3,"column":19},"end":{"line":27,"column":24}},"2":{"start":{"line":29,"column":0},"end":{"line":29,"column":52}}},"fnMap":{},"branchMap":{},"s":{"0":3,"1":3,"2":3},"f":{},"b":{},"_coverageSchema":"1a1c01bbd47fc00a2c39e90264f33305004495a9","hash":"eb8e1cba3e001a4ae5300992948152a7375ed30d"}
,"C:\\assignment\\task-manager-backend\\models\\User.js": {"path":"C:\\assignment\\task-manager-backend\\models\\User.js","statementMap":{"0":{"start":{"line":1,"column":17},"end":{"line":1,"column":36}},"1":{"start":{"line":3,"column":19},"end":{"line":18,"column":24}},"2":{"start":{"line":20,"column":0},"end":{"line":20,"column":52}}},"fnMap":{},"branchMap":{},"s":{"0":3,"1":3,"2":3},"f":{},"b":{},"_coverageSchema":"1a1c01bbd47fc00a2c39e90264f33305004495a9","hash":"29aded8ccd7f84d28880092fc85b35426b2ad1bb"}
,"C:\\assignment\\task-manager-backend\\routes\\auth.js": {"path":"C:\\assignment\\task-manager-backend\\routes\\auth.js","statementMap":{"0":{"start":{"line":1,"column":16},"end":{"line":1,"column":34}},"1":{"start":{"line":2,"column":15},"end":{"line":2,"column":31}},"2":{"start":{"line":3,"column":28},"end":{"line":3,"column":68}},"3":{"start":{"line":5,"column":0},"end":{"line":5,"column":35}},"4":{"start":{"line":6,"column":0},"end":{"line":6,"column":29}},"5":{"start":{"line":8,"column":0},"end":{"line":8,"column":24}}},"fnMap":{},"branchMap":{},"s":{"0":3,"1":3,"2":3,"3":3,"4":3,"5":3},"f":{},"b":{},"_coverageSchema":"1a1c01bbd47fc00a2c39e90264f33305004495a9","hash":"1e4fb6298cca8d558b6ff66b19050bda4c0775df"}
,"C:\\assignment\\task-manager-backend\\routes\\task.js": {"path":"C:\\assignment\\task-manager-backend\\routes\\task.js","statementMap":{"0":{"start":{"line":1,"column":16},"end":{"line":1,"column":34}},"1":{"start":{"line":2,"column":15},"end":{"line":2,"column":31}},"2":{"start":{"line":3,"column":15},"end":{"line":3,"column":47}},"3":{"start":{"line":4,"column":27},"end":{"line":4,"column":57}},"4":{"start":{"line":6,"column":13},"end":{"line":6,"column":38}},"5":{"start":{"line":7,"column":13},"end":{"line":7,"column":38}},"6":{"start":{"line":15,"column":4},"end":{"line":15,"column":44}},"7":{"start":{"line":18,"column":0},"end":{"line":18,"column":75}},"8":{"start":{"line":19,"column":0},"end":{"line":19,"column":45}},"9":{"start":{"line":20,"column":0},"end":{"line":20,"column":48}},"10":{"start":{"line":21,"column":0},"end":{"line":21,"column":77}},"11":{"start":{"line":22,"column":0},"end":{"line":22,"column":50}},"12":{"start":{"line":25,"column":0},"end":{"line":46,"column":3}},"13":{"start":{"line":26,"column":2},"end":{"line":45,"column":3}},"14":{"start":{"line":27,"column":23},"end":{"line":27,"column":31}},"15":{"start":{"line":28,"column":4},"end":{"line":28,"column":78}},"16":{"start":{"line":28,"column":17},"end":{"line":28,"column":78}},"17":{"start":{"line":30,"column":17},"end":{"line":30,"column":44}},"18":{"start":{"line":31,"column":4},"end":{"line":31,"column":72}},"19":{"start":{"line":31,"column":15},"end":{"line":31,"column":72}},"20":{"start":{"line":33,"column":17},"end":{"line":37,"column":37}},"21":{"start":{"line":39,"column":4},"end":{"line":39,"column":72}},"22":{"start":{"line":39,"column":15},"end":{"line":39,"column":72}},"23":{"start":{"line":41,"column":4},"end":{"line":41,"column":62}},"24":{"start":{"line":43,"column":4},"end":{"line":43,"column":23}},"25":{"start":{"line":44,"column":4},"end":{"line":44,"column":61}},"26":{"start":{"line":49,"column":0},"end":{"line":67,"column":3}},"27":{"start":{"line":50,"column":2},"end":{"line":66,"column":3}},"28":{"start":{"line":51,"column":23},"end":{"line":51,"column":31}},"29":{"start":{"line":52,"column":4},"end":{"line":52,"column":78}},"30":{"start":{"line":52,"column":17},"end":{"line":52,"column":78}},"31":{"start":{"line":54,"column":17},"end":{"line":58,"column":5}},"32":{"start":{"line":60,"column":4},"end":{"line":60,"column":72}},"33":{"start":{"line":60,"column":15},"end":{"line":60,"column":72}},"34":{"start":{"line":62,"column":4},"end":{"line":62,"column":50}},"35":{"start":{"line":64,"column":4},"end":{"line":64,"column":23}},"36":{"start":{"line":65,"column":4},"end":{"line":65,"column":61}},"37":{"start":{"line":69,"column":0},"end":{"line":69,"column":24}}},"fnMap":{"0":{"name":"(anonymous_0)","decl":{"start":{"line":25,"column":42},"end":{"line":25,"column":43}},"loc":{"start":{"line":25,"column":62},"end":{"line":46,"column":1}},"line":25},"1":{"name":"(anonymous_1)","decl":{"start":{"line":49,"column":42},"end":{"line":49,"column":43}},"loc":{"start":{"line":49,"column":62},"end":{"line":67,"column":1}},"line":49}},"branchMap":{"0":{"loc":{"start":{"line":28,"column":4},"end":{"line":28,"column":78}},"type":"if","locations":[{"start":{"line":28,"column":4},"end":{"line":28,"column":78}},{"start":{},"end":{}}],"line":28},"1":{"loc":{"start":{"line":31,"column":4},"end":{"line":31,"column":72}},"type":"if","locations":[{"start":{"line":31,"column":4},"end":{"line":31,"column":72}},{"start":{},"end":{}}],"line":31},"2":{"loc":{"start":{"line":39,"column":4},"end":{"line":39,"column":72}},"type":"if","locations":[{"start":{"line":39,"column":4},"end":{"line":39,"column":72}},{"start":{},"end":{}}],"line":39},"3":{"loc":{"start":{"line":52,"column":4},"end":{"line":52,"column":78}},"type":"if","locations":[{"start":{"line":52,"column":4},"end":{"line":52,"column":78}},{"start":{},"end":{}}],"line":52},"4":{"loc":{"start":{"line":60,"column":4},"end":{"line":60,"column":72}},"type":"if","locations":[{"start":{"line":60,"column":4},"end":{"line":60,"column":72}},{"start":{},"end":{}}],"line":60}},"s":{"0":3,"1":3,"2":3,"3":3,"4":3,"5":3,"6":3,"7":3,"8":3,"9":3,"10":3,"11":3,"12":3,"13":0,"14":0,"15":0,"16":0,"17":0,"18":0,"19":0,"20":0,"21":0,"22":0,"23":0,"24":0,"25":0,"26":3,"27":0,"28":0,"29":0,"30":0,"31":0,"32":0,"33":0,"34":0,"35":0,"36":0,"37":3},"f":{"0":0,"1":0},"b":{"0":[0,0],"1":[0,0],"2":[0,0],"3":[0,0],"4":[0,0]},"_coverageSchema":"1a1c01bbd47fc00a2c39e90264f33305004495a9","hash":"0e9507ce0b36f69395cd934f5cf857e178346678"}
,"C:\\assignment\\task-manager-backend\\routes\\userRoutes.js": {"path":"C:\\assignment\\task-manager-backend\\routes\\userRoutes.js","statementMap":{"0":{"start":{"line":1,"column":16},"end":{"line":1,"column":34}},"1":{"start":{"line":2,"column":15},"end":{"line":2,"column":31}},"2":{"start":{"line":9,"column":4},"end":{"line":9,"column":44}},"3":{"start":{"line":11,"column":38},"end":{"line":11,"column":68}},"4":{"start":{"line":13,"column":0},"end":{"line":13,"column":27}},"5":{"start":{"line":14,"column":0},"end":{"line":14,"column":22}},"6":{"start":{"line":16,"column":0},"end":{"line":16,"column":29}},"7":{"start":{"line":17,"column":0},"end":{"line":17,"column":32}},"8":{"start":{"line":18,"column":0},"end":{"line":18,"column":31}},"9":{"start":{"line":19,"column":0},"end":{"line":19,"column":34}},"10":{"start":{"line":20,"column":0},"end":{"line":20,"column":29}},"11":{"start":{"line":22,"column":0},"end":{"line":22,"column":24}}},"fnMap":{},"branchMap":{},"s":{"0":3,"1":3,"2":3,"3":3,"4":3,"5":3,"6":3,"7":3,"8":3,"9":3,"10":3,"11":3},"f":{},"b":{},"_coverageSchema":"1a1c01bbd47fc00a2c39e90264f33305004495a9","hash":"776dc2c31048000d682453e36fd0c250c1c33cfc"}
}
