TN:
SF:server.js
FN:22,(anonymous_0)
FN:33,(anonymous_1)
FN:35,(anonymous_2)
FN:37,(anonymous_3)
FNF:4
FNH:0
FNDA:0,(anonymous_0)
FNDA:0,(anonymous_1)
FNDA:0,(anonymous_2)
FNDA:0,(anonymous_3)
DA:1,3
DA:2,3
DA:3,3
DA:4,3
DA:5,3
DA:6,3
DA:7,3
DA:9,3
DA:11,3
DA:14,3
DA:15,3
DA:16,3
DA:17,3
DA:18,3
DA:19,3
DA:22,3
DA:23,0
DA:27,3
DA:28,0
DA:29,0
DA:34,0
DA:35,0
DA:37,0
DA:40,3
LF:24
LH:18
BRDA:27,0,0,0
BRDA:27,0,1,3
BRDA:28,1,0,0
BRDA:28,1,1,0
BRF:4
BRH:1
end_of_record
TN:
SF:controllers\authController.js
FN:5,(anonymous_0)
FN:26,(anonymous_1)
FNF:2
FNH:2
FNDA:7,(anonymous_0)
FNDA:5,(anonymous_1)
DA:1,3
DA:2,3
DA:3,3
DA:5,3
DA:6,7
DA:7,7
DA:9,7
DA:10,7
DA:12,6
DA:14,6
DA:20,6
DA:22,0
DA:26,3
DA:27,5
DA:28,5
DA:30,5
DA:31,5
DA:33,4
DA:34,4
DA:36,3
DA:42,3
DA:44,0
LF:22
LH:20
BRDA:10,0,0,1
BRDA:10,0,1,6
BRDA:31,1,0,1
BRDA:31,1,1,4
BRDA:34,2,0,1
BRDA:34,2,1,3
BRF:6
BRH:6
end_of_record
TN:
SF:controllers\taskController.js
FN:5,(anonymous_0)
FN:10,(anonymous_1)
FN:31,(anonymous_2)
FN:80,(anonymous_3)
FN:106,(anonymous_4)
FN:115,(anonymous_5)
FN:145,(anonymous_6)
FNF:7
FNH:5
FNDA:1,(anonymous_0)
FNDA:0,(anonymous_1)
FNDA:1,(anonymous_2)
FNDA:2,(anonymous_3)
FNDA:1,(anonymous_4)
FNDA:0,(anonymous_5)
FNDA:1,(anonymous_6)
DA:1,3
DA:2,3
DA:5,3
DA:6,1
DA:7,1
DA:9,1
DA:10,1
DA:12,1
DA:23,1
DA:26,0
DA:31,3
DA:32,1
DA:33,1
DA:41,1
DA:43,1
DA:53,1
DA:54,1
DA:55,1
DA:57,1
DA:59,1
DA:66,1
DA:68,1
DA:76,0
DA:80,3
DA:81,2
DA:82,2
DA:86,2
DA:88,1
DA:89,1
DA:91,1
DA:92,1
DA:94,1
DA:95,0
DA:98,1
DA:100,0
DA:106,3
DA:107,1
DA:108,1
DA:109,1
DA:111,1
DA:112,0
DA:114,1
DA:115,1
DA:124,1
DA:126,1
DA:136,1
DA:138,1
DA:140,0
DA:145,3
DA:146,1
DA:147,1
DA:149,1
DA:151,1
DA:153,1
DA:154,0
DA:157,1
DA:158,1
DA:161,0
DA:162,0
LF:59
LH:50
BRDA:10,0,0,1
BRDA:10,0,1,1
BRDA:38,1,0,1
BRDA:39,2,0,1
BRDA:40,3,0,1
BRDA:43,4,0,1
BRDA:43,4,1,0
BRDA:53,5,0,0
BRDA:53,5,1,1
BRDA:54,6,0,0
BRDA:54,6,1,1
BRDA:55,7,0,0
BRDA:55,7,1,1
BRDA:86,8,0,1
BRDA:86,8,1,1
BRDA:88,9,0,1
BRDA:88,9,1,0
BRDA:89,10,0,1
BRDA:89,10,1,1
BRDA:94,11,0,0
BRDA:94,11,1,1
BRDA:94,12,0,1
BRDA:94,12,1,0
BRDA:94,12,2,0
BRDA:109,13,0,0
BRDA:109,13,1,1
BRDA:111,14,0,0
BRDA:111,14,1,1
BRDA:111,15,0,1
BRDA:111,15,1,0
BRDA:115,16,0,1
BRDA:115,16,1,1
BRDA:133,17,0,1
BRDA:133,17,1,0
BRDA:149,18,0,0
BRDA:149,18,1,1
BRDA:151,19,0,1
BRDA:151,19,1,0
BRDA:153,20,0,0
BRDA:153,20,1,1
BRDA:153,21,0,1
BRDA:153,21,1,0
BRF:42
BRH:26
end_of_record
TN:
SF:controllers\userController.js
FN:5,(anonymous_0)
FN:30,(anonymous_1)
FN:40,(anonymous_2)
FN:51,(anonymous_3)
FN:69,(anonymous_4)
FNF:5
FNH:4
FNDA:1,(anonymous_0)
FNDA:1,(anonymous_1)
FNDA:0,(anonymous_2)
FNDA:2,(anonymous_3)
FNDA:2,(anonymous_4)
DA:1,3
DA:2,3
DA:5,3
DA:6,1
DA:7,1
DA:9,1
DA:10,0
DA:13,1
DA:14,1
DA:15,0
DA:18,1
DA:19,1
DA:21,1
DA:22,1
DA:24,0
DA:25,0
DA:30,3
DA:31,1
DA:32,1
DA:33,1
DA:35,0
DA:40,3
DA:41,0
DA:42,0
DA:43,0
DA:44,0
DA:46,0
DA:51,3
DA:52,2
DA:53,2
DA:55,2
DA:61,1
DA:62,1
DA:64,1
DA:69,3
DA:70,2
DA:71,2
DA:72,2
DA:73,1
DA:75,0
LF:40
LH:29
BRDA:9,0,0,0
BRDA:9,0,1,1
BRDA:9,1,0,1
BRDA:9,1,1,1
BRDA:9,1,2,1
BRDA:9,1,3,1
BRDA:14,2,0,0
BRDA:14,2,1,1
BRDA:43,3,0,0
BRDA:43,3,1,0
BRDA:61,4,0,0
BRDA:61,4,1,1
BRDA:72,5,0,1
BRDA:72,5,1,1
BRF:14
BRH:9
end_of_record
TN:
SF:middlewares\auth.js
FN:4,(anonymous_0)
FN:28,(anonymous_1)
FNF:2
FNH:2
FNDA:12,(anonymous_0)
FNDA:6,(anonymous_1)
DA:1,3
DA:2,3
DA:4,3
DA:5,12
DA:7,12
DA:9,12
DA:10,12
DA:11,12
DA:13,12
DA:16,12
DA:22,12
DA:24,0
DA:28,3
DA:29,6
DA:30,0
DA:32,6
LF:16
LH:14
BRDA:7,0,0,0
BRDA:7,0,1,12
BRDA:13,1,0,0
BRDA:13,1,1,12
BRDA:29,2,0,0
BRDA:29,2,1,6
BRF:6
BRH:3
end_of_record
TN:
SF:middlewares\upload.js
FN:5,(anonymous_0)
FN:8,(anonymous_1)
FN:13,(anonymous_2)
FNF:3
FNH:0
FNDA:0,(anonymous_0)
FNDA:0,(anonymous_1)
FNDA:0,(anonymous_2)
DA:1,3
DA:2,3
DA:4,3
DA:6,0
DA:9,0
DA:13,3
DA:14,0
DA:15,0
DA:16,0
DA:18,0
DA:22,3
DA:28,3
LF:12
LH:6
BRDA:15,0,0,0
BRDA:15,0,1,0
BRF:2
BRH:0
end_of_record
TN:
SF:models\Task.js
FNF:0
FNH:0
DA:1,3
DA:3,3
DA:29,3
LF:3
LH:3
BRF:0
BRH:0
end_of_record
TN:
SF:models\User.js
FNF:0
FNH:0
DA:1,3
DA:3,3
DA:20,3
LF:3
LH:3
BRF:0
BRH:0
end_of_record
TN:
SF:routes\auth.js
FNF:0
FNH:0
DA:1,3
DA:2,3
DA:3,3
DA:5,3
DA:6,3
DA:8,3
LF:6
LH:6
BRF:0
BRH:0
end_of_record
TN:
SF:routes\task.js
FN:25,(anonymous_0)
FN:49,(anonymous_1)
FNF:2
FNH:0
FNDA:0,(anonymous_0)
FNDA:0,(anonymous_1)
DA:1,3
DA:2,3
DA:3,3
DA:4,3
DA:6,3
DA:7,3
DA:15,3
DA:18,3
DA:19,3
DA:20,3
DA:21,3
DA:22,3
DA:25,3
DA:26,0
DA:27,0
DA:28,0
DA:30,0
DA:31,0
DA:33,0
DA:39,0
DA:41,0
DA:43,0
DA:44,0
DA:49,3
DA:50,0
DA:51,0
DA:52,0
DA:54,0
DA:60,0
DA:62,0
DA:64,0
DA:65,0
DA:69,3
LF:33
LH:15
BRDA:28,0,0,0
BRDA:28,0,1,0
BRDA:31,1,0,0
BRDA:31,1,1,0
BRDA:39,2,0,0
BRDA:39,2,1,0
BRDA:52,3,0,0
BRDA:52,3,1,0
BRDA:60,4,0,0
BRDA:60,4,1,0
BRF:10
BRH:0
end_of_record
TN:
SF:routes\userRoutes.js
FNF:0
FNH:0
DA:1,3
DA:2,3
DA:9,3
DA:11,3
DA:13,3
DA:14,3
DA:16,3
DA:17,3
DA:18,3
DA:19,3
DA:20,3
DA:22,3
LF:12
LH:12
BRF:0
BRH:0
end_of_record
